app/build/outputs/logs/manifest-merger-debug-report.txt
-- Merging decision tree log ---
manifest
ADDED from src/main/AndroidManifest.xml:1:1-88:12
	package
		ADDED from src/main/AndroidManifest.xml:2:5-34
		INJECTED from src/main/AndroidManifest.xml
		INJECTED from src/main/AndroidManifest.xml
	android:versionName
		ADDED from src/main/AndroidManifest.xml:4:5-30
		INJECTED from src/main/AndroidManifest.xml
		INJECTED from src/main/AndroidManifest.xml
	android:versionCode
		ADDED from src/main/AndroidManifest.xml:3:5-28
		INJECTED from src/main/AndroidManifest.xml
		INJECTED from src/main/AndroidManifest.xml
	xmlns:android
		ADDED from src/main/AndroidManifest.xml:1:11-69
uses-sdk
ADDED from src/main/AndroidManifest.xml:6:5-8:41
	android:targetSdkVersion
		ADDED from src/main/AndroidManifest.xml:8:9-38
		INJECTED from src/main/AndroidManifest.xml
		INJECTED from src/main/AndroidManifest.xml
	android:minSdkVersion
		ADDED from src/main/AndroidManifest.xml:7:9-35
		INJECTED from src/main/AndroidManifest.xml
		INJECTED from src/main/AndroidManifest.xml
uses-permission#android.permission.INTERNET
ADDED from src/main/AndroidManifest.xml:10:5-11:23
	android:name
		ADDED from src/main/AndroidManifest.xml:10:22-64
application
ADDED from src/main/AndroidManifest.xml:13:5-86:19
	android:label
		ADDED from src/main/AndroidManifest.xml:15:9-41
	android:icon
		ADDED from src/main/AndroidManifest.xml:14:9-49
	android:theme
		ADDED from src/main/AndroidManifest.xml:16:9-50
activity#com.runette.divehub.DiveListActivity
ADDED from src/main/AndroidManifest.xml:17:9-26:20
	android:label
		ADDED from src/main/AndroidManifest.xml:19:13-52
	android:configChanges
		ADDED from src/main/AndroidManifest.xml:20:13-48
	android:name
		ADDED from src/main/AndroidManifest.xml:18:13-45
intent-filter#android.intent.action.MAIN+android.intent.category.LAUNCHER
ADDED from src/main/AndroidManifest.xml:21:13-25:29
action#android.intent.action.MAIN
ADDED from src/main/AndroidManifest.xml:22:17-69
	android:name
		ADDED from src/main/AndroidManifest.xml:22:25-66
category#android.intent.category.LAUNCHER
ADDED from src/main/AndroidManifest.xml:24:17-77
	android:name
		ADDED from src/main/AndroidManifest.xml:24:27-74
activity#com.runette.divehub.DiveDetailActivity
ADDED from src/main/AndroidManifest.xml:27:9-33:20
	android:label
		ADDED from src/main/AndroidManifest.xml:29:13-54
	android:name
		ADDED from src/main/AndroidManifest.xml:28:13-47
meta-data#android.support.PARENT_ACTIVITY
ADDED from src/main/AndroidManifest.xml:30:13-32:53
	android:value
		ADDED from src/main/AndroidManifest.xml:32:17-50
	android:name
		ADDED from src/main/AndroidManifest.xml:31:17-63
activity#com.runette.divehub.TaskPreferences
ADDED from src/main/AndroidManifest.xml:34:9-36:48
	android:label
		ADDED from src/main/AndroidManifest.xml:36:13-45
	android:name
		ADDED from src/main/AndroidManifest.xml:35:13-44
activity#com.runette.divehub.DiveSiteListActivity
ADDED from src/main/AndroidManifest.xml:37:9-43:20
	android:label
		ADDED from src/main/AndroidManifest.xml:39:13-56
	android:name
		ADDED from src/main/AndroidManifest.xml:38:13-49
activity#com.runette.divehub.DiveSiteDetailActivity
ADDED from src/main/AndroidManifest.xml:44:9-50:20
	android:label
		ADDED from src/main/AndroidManifest.xml:46:13-58
	android:name
		ADDED from src/main/AndroidManifest.xml:45:13-51
activity#com.runette.divehub.PersonListActivity
ADDED from src/main/AndroidManifest.xml:51:9-54:20
	android:label
		ADDED from src/main/AndroidManifest.xml:53:13-54
	android:name
		ADDED from src/main/AndroidManifest.xml:52:13-47
activity#com.runette.divehub.PersonDetailActivity
ADDED from src/main/AndroidManifest.xml:55:9-61:20
	android:label
		ADDED from src/main/AndroidManifest.xml:57:13-56
	android:name
		ADDED from src/main/AndroidManifest.xml:56:13-49
activity#com.runette.divehub.SignatureActivity
ADDED from src/main/AndroidManifest.xml:62:9-65:20
	android:label
		ADDED from src/main/AndroidManifest.xml:64:13-61
	android:name
		ADDED from src/main/AndroidManifest.xml:63:13-46
activity#com.runette.divehub.DivinglogAdapter
ADDED from src/main/AndroidManifest.xml:66:9-69:20
	android:label
		ADDED from src/main/AndroidManifest.xml:68:13-69
	android:name
		ADDED from src/main/AndroidManifest.xml:67:13-45
activity#com.dropbox.client2.android.AuthActivity
ADDED from src/main/AndroidManifest.xml:70:9-84:20
	android:launchMode
		ADDED from src/main/AndroidManifest.xml:73:13-44
	android:configChanges
		ADDED from src/main/AndroidManifest.xml:72:13-57
	android:name
		ADDED from src/main/AndroidManifest.xml:71:13-68
intent-filter#android.intent.action.VIEW+android.intent.category.BROWSABLE+android.intent.category.DEFAULT
ADDED from src/main/AndroidManifest.xml:74:13-83:29
data
ADDED from src/main/AndroidManifest.xml:77:17-61
	android:scheme
		ADDED from src/main/AndroidManifest.xml:77:23-58
action#android.intent.action.VIEW
ADDED from src/main/AndroidManifest.xml:79:17-69
	android:name
		ADDED from src/main/AndroidManifest.xml:79:25-66
category#android.intent.category.BROWSABLE
ADDED from src/main/AndroidManifest.xml:81:17-78
	android:name
		ADDED from src/main/AndroidManifest.xml:81:27-75
category#android.intent.category.DEFAULT
ADDED from src/main/AndroidManifest.xml:82:17-76
	android:name
		ADDED from src/main/AndroidManifest.xml:82:27-73